<?xml version="1.0" encoding="UTF-8"?>
<!-- Generated by org.testng.reporters.JUnitReportReporter -->
<testsuite skipped="0" hostname="DESKTOP-H52ER5F" name="apitest.Demo_java" tests="3" failures="0" timestamp="2021-12-01T12:03:53 IST" time="2.564" errors="0">
  <testcase name="createBoard" time="0.937" classname="apitest.Demo_java"/>
  <system-out/>
  <testcase name="getBoard" time="0.721" classname="apitest.Demo_java"/>
  <system-out/>
  <testcase name="deleteBoard" time="0.906" classname="apitest.Demo_java"/>
  <system-out/>
</testsuite> <!-- apitest.Demo_java -->
