<?xml version="1.0" encoding="UTF-8"?>
<!-- Generated by org.testng.reporters.JUnitReportReporter -->
<testsuite skipped="0" hostname="DESKTOP-H52ER5F" name="apitest.demo_testng2" tests="1" failures="0" timestamp="2021-12-01T12:03:53 IST" time="0.002" errors="0">
  <testcase name="testCase3" time="0.002" classname="apitest.demo_testng2"/>
  <system-out/>
</testsuite> <!-- apitest.demo_testng2 -->
