<?xml version="1.0" encoding="UTF-8"?>
<!-- Generated by org.testng.reporters.JUnitReportReporter -->
<testsuite skipped="1" hostname="DESKTOP-H52ER5F" name="apitest.Ecommerce" tests="4" failures="0" timestamp="2021-12-01T12:03:53 IST" time="12.280" errors="0">
  <testcase name="login" time="7.140" classname="apitest.Ecommerce"/>
  <system-out/>
  <testcase name="get" time="3.266" classname="apitest.Ecommerce"/>
  <system-out/>
  <testcase name="delete" time="1.874" classname="apitest.Ecommerce"/>
  <system-out/>
  <testcase name="sign_up" classname="apitest.Ecommerce">
    <skipped/>
  </testcase> <!-- sign_up -->
  <system-out/>
</testsuite> <!-- apitest.Ecommerce -->
