<?xml version="1.0" encoding="UTF-8"?>
<!-- Generated by org.testng.reporters.JUnitReportReporter -->
<testsuite skipped="0" hostname="DESKTOP-H52ER5F" name="apitest.demo_testng" tests="2" failures="0" timestamp="2021-12-01T12:03:53 IST" time="0.008" errors="0">
  <testcase name="testCase1" time="0.006" classname="apitest.demo_testng"/>
  <system-out/>
  <testcase name="testCase2" time="0.002" classname="apitest.demo_testng"/>
  <system-out/>
</testsuite> <!-- apitest.demo_testng -->
